<?xml version="1.0" encoding="UTF-8"?>
<testng-results skipped="0" failed="0" ignored="0" total="1" passed="1">
  <reporter-output>
  </reporter-output>
  <suite name="DUCO" duration-ms="9466" started-at="2020-11-19T18:47:54Z" finished-at="2020-11-19T18:48:04Z">
    <groups>
    </groups>
    <test name="Test1" duration-ms="9466" started-at="2020-11-19T18:47:54Z" finished-at="2020-11-19T18:48:04Z">
      <class name="com.google.testcases.TC_Search_001">
        <test-method status="PASS" signature="setup(java.lang.String)[pri:0, instance:com.google.testcases.TC_Search_001@2f7a2457]" name="setup" is-config="true" duration-ms="5019" started-at="2020-11-19T18:47:55Z" finished-at="2020-11-19T18:48:00Z">
          <params>
            <param index="0">
              <value>
                <![CDATA[chrome]]>
              </value>
            </param>
          </params>
          <reporter-output>
          </reporter-output>
        </test-method> <!-- setup -->
        <test-method status="PASS" signature="searchGoogle()[pri:0, instance:com.google.testcases.TC_Search_001@2f7a2457]" name="searchGoogle" duration-ms="3558" started-at="2020-11-19T18:48:00Z" finished-at="2020-11-19T18:48:03Z">
          <reporter-output>
          </reporter-output>
        </test-method> <!-- searchGoogle -->
        <test-method status="PASS" signature="tearDown()[pri:0, instance:com.google.testcases.TC_Search_001@2f7a2457]" name="tearDown" is-config="true" duration-ms="636" started-at="2020-11-19T18:48:03Z" finished-at="2020-11-19T18:48:04Z">
          <reporter-output>
          </reporter-output>
        </test-method> <!-- tearDown -->
      </class> <!-- com.google.testcases.TC_Search_001 -->
    </test> <!-- Test1 -->
  </suite> <!-- DUCO -->
</testng-results>
